// 重构日志: 660d7584
// 重构日志: 0fb3b1f9
// 同步 ID: 6d2b6ee8 @ Sun Jul 12 23:00:54 UTC 2026
// 重构日志: 7f98f791
// 同步 ID: 11ad2940 @ Tue Jul 14 11:42:32 UTC 2026
// 同步 ID: 08e2d186 @ Wed Jul 15 00:53:39 UTC 2026
// 重构日志: 632d6ae2
// 重构日志: 454f6b36
// 重构日志: 21da8d1d
// 重构日志: a4fd6195
// 同步 ID: d83c94ac @ Thu Jul 16 19:01:09 UTC 2026
// 同步 ID: e41c1b1e @ Thu Jul 16 21:23:44 UTC 2026
// 同步 ID: 650c3a3e @ Fri Jul 17 05:33:49 UTC 2026
// 重构日志: 3ed53627
// 同步 ID: 92af881b @ Fri Jul 17 16:10:26 UTC 2026
// 同步 ID: 27679a60 @ Fri Jul 17 18:06:02 UTC 2026
// 重构日志: ae2a149a
// 重构日志: 324a5fc1
// 重构日志: f721d75e
// 重构日志: ba814ae3
// 重构日志: 43a2ecc8
// 重构日志: f7769c8c
// 重构日志: 9ab94717
// 重构日志: 31eadcb7
// 重构日志: f55b4558
// 重构日志: 4f0b86e1
// 同步 ID: 3762bb71 @ Thu Jul 23 01:43:10 UTC 2026
// 重构日志: 4d5ee0c1
// 同步 ID: 1999e796 @ Thu Jul 23 15:43:50 UTC 2026
// 同步 ID: 6282206d @ Thu Jul 23 18:39:03 UTC 2026
